<?xml version="1.0" encoding="UTF-8"?>
<testng-results total="1" passed="1" failed="0" skipped="0">
  <reporter-output>
  </reporter-output>
  <suite started-at="2024-01-28T14:06:28Z" name="Surefire suite" finished-at="2024-01-28T14:06:28Z" duration-ms="30">
    <groups>
    </groups>
    <test started-at="2024-01-28T14:06:28Z" name="Surefire test" finished-at="2024-01-28T14:06:28Z" duration-ms="30">
      <class name="com.test.testng.TestCalc">
        <test-method is-config="true" signature="beforeMethod()[pri:0, instance:com.test.testng.TestCalc@5c6648b0]" started-at="2024-01-28T15:06:28Z" name="beforeMethod" finished-at="2024-01-28T15:06:28Z" duration-ms="6" status="PASS">
          <reporter-output>
          </reporter-output>
        </test-method> <!-- beforeMethod -->
        <test-method signature="testAdd()[pri:0, instance:com.test.testng.TestCalc@5c6648b0]" started-at="2024-01-28T15:06:28Z" name="testAdd" finished-at="2024-01-28T15:06:28Z" duration-ms="11" status="PASS">
          <reporter-output>
          </reporter-output>
        </test-method> <!-- testAdd -->
        <test-method is-config="true" signature="afterMethod()[pri:0, instance:com.test.testng.TestCalc@5c6648b0]" started-at="2024-01-28T15:06:28Z" name="afterMethod" finished-at="2024-01-28T15:06:28Z" duration-ms="0" status="PASS">
          <reporter-output>
          </reporter-output>
        </test-method> <!-- afterMethod -->
      </class> <!-- com.test.testng.TestCalc -->
    </test> <!-- Surefire test -->
  </suite> <!-- Surefire suite -->
</testng-results>
